<?xml version="1.0" encoding="UTF-8"?>
<!-- Generated by org.testng.reporters.JUnitXMLReporter -->
<testsuite ignored="0" hostname="LAPTOP-M84AU483" failures="1" tests="1" name="Test" time="52.0" errors="0" timestamp="2023-06-25T17:58:00 IST">
  <testcase classname="com.opencart.pageTest.HomePageTest" name="Login" time="0.016">
    <failure type="java.lang.NoClassDefFoundError" message="com/opencart/pages/HomePage">
      <![CDATA[java.lang.NoClassDefFoundError: com/opencart/pages/HomePage
at com.opencart.pageTest.HomePageTest.Login(HomePageTest.java:14)
at java.base/java.util.ArrayList.forEach(ArrayList.java:1511)
Caused by: java.lang.ClassNotFoundException: com.opencart.pages.HomePage
at java.base/jdk.internal.loader.BuiltinClassLoader.loadClass(BuiltinClassLoader.java:641)
at java.base/jdk.internal.loader.ClassLoaders$AppClassLoader.loadClass(ClassLoaders.java:188)
at java.base/java.lang.ClassLoader.loadClass(ClassLoader.java:520)
... 29 more
... Removed 27 stack frames]]>
    </failure>
  </testcase> <!-- Login -->
</testsuite> <!-- Test -->
